  Animation.cpp
  The contents of <filesystem> are available only with C++17 or later.
  Application.cpp
  The contents of <filesystem> are available only with C++17 or later.
  Console.cpp
  The contents of <filesystem> are available only with C++17 or later.
  InputManager.cpp
  The contents of <filesystem> are available only with C++17 or later.
  Object.cpp
  The contents of <filesystem> are available only with C++17 or later.
  Scene.cpp
  The contents of <filesystem> are available only with C++17 or later.
  SceneManager.cpp
  The contents of <filesystem> are available only with C++17 or later.
  SoundManager.cpp
  The contents of <filesystem> are available only with C++17 or later.
  Sprite.cpp
  The contents of <filesystem> are available only with C++17 or later.
  Texture.cpp
  The contents of <filesystem> are available only with C++17 or later.
  TextureManager.cpp
  The contents of <filesystem> are available only with C++17 or later.
  main.cpp
  The contents of <filesystem> are available only with C++17 or later.
  stdafx.cpp
  The contents of <filesystem> are available only with C++17 or later.
  D3D9_Engine.vcxproj -> C:\Users\Sunrin\Desktop\GameProgramming\3일차\D3D9_Engine\Debug\D3D9_Engine.exe
